<?xml version="1.0" encoding="UTF-8"?>
<!-- Generated by org.testng.reporters.JUnitXMLReporter -->
<testsuite ignored="0" hostname="GT0103" failures="0" tests="1" name="Default test" time="0.071" errors="0" timestamp="2024-09-25T12:32:47 IST">
  <testcase classname="practo.BaseClass" name="@BeforeMethod Browser_Setup" time="-1.727247767293E9">
    <failure type="org.testng.TestNGException" message="
Parameter &amp;apos;x&amp;apos; is required by BeforeMethod on method Browser_Setup but has not been marked @Optional or defined
in C:\Users\PravallikaT\AppData\Local\Temp\testng-eclipse-1866872318\testng-customsuite.xml">
      <![CDATA[org.testng.TestNGException: 
Parameter 'x' is required by BeforeMethod on method Browser_Setup but has not been marked @Optional or defined
in C:\Users\PravallikaT\AppData\Local\Temp\testng-eclipse-1866872318\testng-customsuite.xml
at org.testng.internal.Parameters.createParams(Parameters.java:267)
at org.testng.internal.Parameters.createParametersForMethod(Parameters.java:355)
at org.testng.internal.Parameters.createParameters(Parameters.java:660)
at org.testng.internal.Parameters.createConfigurationParameters(Parameters.java:166)
at org.testng.internal.invokers.ConfigInvoker.invokeConfigurations(ConfigInvoker.java:300)
at org.testng.internal.invokers.TestInvoker.runConfigMethods(TestInvoker.java:781)
at org.testng.internal.invokers.TestInvoker.invokeMethod(TestInvoker.java:574)
at org.testng.internal.invokers.TestInvoker.invokeTestMethod(TestInvoker.java:219)
at org.testng.internal.invokers.MethodRunner.runInSequence(MethodRunner.java:50)
at org.testng.internal.invokers.TestInvoker$MethodInvocationAgent.invoke(TestInvoker.java:923)
at org.testng.internal.invokers.TestInvoker.invokeTestMethods(TestInvoker.java:192)
at org.testng.internal.invokers.TestMethodWorker.invokeTestMethods(TestMethodWorker.java:146)
at org.testng.internal.invokers.TestMethodWorker.run(TestMethodWorker.java:128)
at java.base/java.util.ArrayList.forEach(ArrayList.java:1596)
at org.testng.TestRunner.privateRun(TestRunner.java:808)
at org.testng.TestRunner.run(TestRunner.java:603)
at org.testng.SuiteRunner.runTest(SuiteRunner.java:429)
at org.testng.SuiteRunner.runSequentially(SuiteRunner.java:423)
at org.testng.SuiteRunner.privateRun(SuiteRunner.java:383)
at org.testng.SuiteRunner.run(SuiteRunner.java:326)
at org.testng.SuiteRunnerWorker.runSuite(SuiteRunnerWorker.java:52)
at org.testng.SuiteRunnerWorker.run(SuiteRunnerWorker.java:95)
at org.testng.TestNG.runSuitesSequentially(TestNG.java:1249)
at org.testng.TestNG.runSuitesLocally(TestNG.java:1169)
at org.testng.TestNG.runSuites(TestNG.java:1092)
at org.testng.TestNG.run(TestNG.java:1060)
at org.testng.remote.AbstractRemoteTestNG.run(AbstractRemoteTestNG.java:115)
at org.testng.remote.RemoteTestNG.initAndRun(RemoteTestNG.java:293)
at org.testng.remote.RemoteTestNG.main(RemoteTestNG.java:91)
]]>
    </failure>
  </testcase> <!-- @BeforeMethod Browser_Setup -->
  <testcase classname="TestFiles.PractoTestFile" name="@BeforeMethod Initializing_Browser" time="0.0">
    <skipped/>
  </testcase> <!-- @BeforeMethod Initializing_Browser -->
  <testcase classname="TestFiles.PractoTestFile" name="@AfterMethod Closing_Browser" time="0.0">
    <skipped/>
  </testcase> <!-- @AfterMethod Closing_Browser -->
  <testcase classname="TestFiles.PractoTestFile" name="verify_doctor_details_timeslot_date" time="0.0">
    <skipped/>
  </testcase> <!-- verify_doctor_details_timeslot_date -->
</testsuite> <!-- Default test -->
